#
# There is insufficient memory for the Java Runtime Environment to continue.
# Native memory allocation (malloc) failed to allocate 60496 bytes for Chunk::new
# Possible reasons:
#   The system is out of physical RAM or swap space
#   The process is running with CompressedOops enabled, and the Java Heap may be blocking the growth of the native heap
# Possible solutions:
#   Reduce memory load on the system
#   Increase physical memory or swap space
#   Check if swap backing store is full
#   Decrease Java heap size (-Xmx/-Xms)
#   Decrease number of Java threads
#   Decrease Java thread stack sizes (-Xss)
#   Set larger code cache with -XX:ReservedCodeCacheSize=
#   JVM is running with Unscaled Compressed Oops mode in which the Java heap is
#     placed in the first 4GB address space. The Java Heap base address is the
#     maximum limit for the native heap growth. Please use -XX:HeapBaseMinAddress
#     to set the Java Heap base and to place the Java Heap above 4GB virtual address.
# This output file may be truncated or incomplete.
#
#  Out of Memory Error (allocation.cpp:389), pid=15148, tid=0x0000000000002f40
#
# JRE version: Java(TM) SE Runtime Environment (8.0_202-b08) (build 1.8.0_202-b08)
# Java VM: Java HotSpot(TM) 64-Bit Server VM (25.202-b08 mixed mode windows-amd64 compressed oops)
# Failed to write core dump. Minidumps are not enabled by default on client versions of Windows
#

---------------  T H R E A D  ---------------

Current thread (0x000000001592c000):  JavaThread "C2 CompilerThread1" daemon [_thread_in_native, id=12096, stack(0x0000000017080000,0x0000000017180000)]

Stack: [0x0000000017080000,0x0000000017180000]
[error occurred during error reporting (printing stack bounds), id 0xc0000005]

Native frames: (J=compiled Java code, j=interpreted, Vv=VM code, C=native code)


Current CompileTask:
C2:  99578 7200       4       org.gradle.internal.dispatch.ReflectionDispatch::dispatch (9 bytes)


---------------  P R O C E S S  ---------------

Java Threads: ( => current thread )
  0x000000001c111000 JavaThread "Forward streams with process: command 'C:\Program Files\Java\jdk1.8.0_202\bin\java.exe' Thread 3" [_thread_in_Java, id=17952, stack(0x00000000218e0000,0x00000000219e0000)]
  0x000000001c110800 JavaThread "Forward streams with process: command 'C:\Program Files\Java\jdk1.8.0_202\bin\java.exe' Thread 2" [_thread_in_native, id=5764, stack(0x0000000021510000,0x0000000021610000)]
  0x000000001c10f000 JavaThread "Forward streams with process: command 'C:\Program Files\Java\jdk1.8.0_202\bin\java.exe'" [_thread_blocked, id=15732, stack(0x0000000021410000,0x0000000021510000)]
  0x000000001c10e000 JavaThread "Run command 'C:\Program Files\Java\jdk1.8.0_202\bin\java.exe'" [_thread_in_native, id=4612, stack(0x0000000020ab0000,0x0000000020bb0000)]
  0x000000001c105000 JavaThread "Cache worker for file content cache (C:\Users\WILSON\IdeaProjects\Spring\SGR\.gradle\3.5\fileContent)" [_thread_blocked, id=10276, stack(0x000000001da50000,0x000000001db50000)]
  0x000000001c104800 JavaThread "Cache worker for task history cache (C:\Users\WILSON\IdeaProjects\Spring\SGR\.gradle\3.5\taskHistory)" [_thread_blocked, id=5016, stack(0x000000001b1d0000,0x000000001b2d0000)]
  0x000000001c109800 JavaThread "Stdin handler" [_thread_blocked, id=8528, stack(0x000000001b0d0000,0x000000001b1d0000)]
  0x000000001c107800 JavaThread "Asynchronous log dispatcher for DefaultDaemonConnection: socket connection from /127.0.0.1:62664 to /127.0.0.1:62683" [_thread_blocked, id=12928, stack(0x0000000018080000,0x0000000018180000)]
  0x000000001c109000 JavaThread "Cancel handler" [_thread_blocked, id=2724, stack(0x0000000002f50000,0x0000000003050000)]
  0x000000001c108000 JavaThread "Handler for socket connection from /127.0.0.1:62664 to /127.0.0.1:62683" [_thread_in_native, id=16188, stack(0x0000000001530000,0x0000000001630000)]
  0x00000000191f4800 JavaThread "Memory manager" [_thread_blocked, id=16608, stack(0x0000000020770000,0x0000000020870000)]
  0x00000000191fa800 JavaThread "Cache worker for Artifact transforms cache (C:\Users\WILSON\.gradle\caches\transforms-1)" [_thread_blocked, id=5740, stack(0x000000001c8a0000,0x000000001c9a0000)]
  0x00000000191f9000 JavaThread "File lock request listener" [_thread_in_native, id=12664, stack(0x000000001b3d0000,0x000000001b4d0000)]
  0x00000000191f8800 JavaThread "Cache worker for file hash cache (C:\Users\WILSON\.gradle\caches\3.5\fileHashes)" [_thread_blocked, id=18088, stack(0x000000001b2d0000,0x000000001b3d0000)]
  0x0000000018d17800 JavaThread "Daemon worker" [_thread_blocked, id=15088, stack(0x000000001afd0000,0x000000001b0d0000)]
  0x0000000019138000 JavaThread "Daemon" [_thread_blocked, id=15132, stack(0x000000001acd0000,0x000000001add0000)]
  0x0000000019143800 JavaThread "Daemon periodic checks" [_thread_blocked, id=11748, stack(0x000000001a9d0000,0x000000001aad0000)]
  0x00000000186b6800 JavaThread "Incoming local TCP Connector on port 62664" [_thread_in_native, id=7640, stack(0x000000001a790000,0x000000001a890000)]
  0x0000000018cc5800 JavaThread "Daemon health stats" [_thread_blocked, id=6020, stack(0x000000001a120000,0x000000001a220000)]
  0x00000000172a0800 JavaThread "Service Thread" daemon [_thread_blocked, id=5552, stack(0x0000000017680000,0x0000000017780000)]
  0x0000000015933000 JavaThread "C1 CompilerThread2" daemon [_thread_in_vm, id=7448, stack(0x0000000017180000,0x0000000017280000)]
=>0x000000001592c000 JavaThread "C2 CompilerThread1" daemon [_thread_in_native, id=12096, stack(0x0000000017080000,0x0000000017180000)]
  0x0000000015926000 JavaThread "C2 CompilerThread0" daemon [_thread_blocked, id=9964, stack(0x0000000016f80000,0x0000000017080000)]
  0x0000000015924000 JavaThread "Attach Listener" daemon [_thread_blocked, id=15352, stack(0x0000000016e80000,0x0000000016f80000)]
  0x0000000015923000 JavaThread "Signal Dispatcher" daemon [_thread_blocked, id=1724, stack(0x0000000016d80000,0x0000000016e80000)]
  0x0000000003246000 JavaThread "Finalizer" daemon [_thread_blocked, id=13856, stack(0x0000000016b80000,0x0000000016c80000)]
  0x0000000003243000 JavaThread "Reference Handler" daemon [_thread_blocked, id=10884, stack(0x0000000016a80000,0x0000000016b80000)]
  0x0000000003153000 JavaThread "main" [_thread_blocked, id=18072, stack(0x0000000003050000,0x0000000003150000)]

Other Threads:
  0x00000000158e7000 VMThread [stack: 0x0000000016980000,0x0000000016a80000] [id=12252]
  0x00000000172ca000 WatcherThread [stack: 0x0000000017780000,0x0000000017880000] [id=15444]

VM state:not at safepoint (normal execution)

VM Mutex/Monitor currently owned by a thread:  ([mutex/lock_event])
[0x00000000016dd6a0] CodeCache_lock - owner thread: 0x0000000015933000

OutOfMemory and StackOverflow Exception counts:
StackOverflowErrors=1

heap address: 0x00000000c0000000, size: 1024 MB, Compressed Oops mode: 32-bit
Narrow klass base: 0x0000000000000000, Narrow klass shift: 3
Compressed class space size: 1073741824 Address: 0x0000000100000000

Heap:
 PSYoungGen      total 120320K, used 69650K [0x00000000eab00000, 0x00000000f4b00000, 0x0000000100000000)
  eden space 105472K, 51% used [0x00000000eab00000,0x00000000ee08ca58,0x00000000f1200000)
  from space 14848K, 99% used [0x00000000f1200000,0x00000000f2078030,0x00000000f2080000)
  to   space 17408K, 0% used [0x00000000f3a00000,0x00000000f3a00000,0x00000000f4b00000)
 ParOldGen       total 56320K, used 23130K [0x00000000c0000000, 0x00000000c3700000, 0x00000000eab00000)
  object space 56320K, 41% used [0x00000000c0000000,0x00000000c1696970,0x00000000c3700000)
 Metaspace       used 41551K, capacity 42658K, committed 42752K, reserved 1085440K
  class space    used 5807K, capacity 6140K, committed 6144K, reserved 1048576K

Card table byte_map: [0x0000000012610000,0x0000000012820000] byte_map_base: 0x0000000012010000

Marking Bits: (ParMarkBitMap*) 0x0000000052615ce0
 Begin Bits: [0x0000000012d80000, 0x0000000013d80000)
 End Bits:   [0x0000000013d80000, 0x0000000014d80000)

Polling page: 0x0000000001700000

CodeCache: size=245760Kb used=22263Kb max_used=22685Kb free=223497Kb
 bounds [0x0000000003250000, 0x00000000048a0000, 0x0000000012250000]
 total_blobs=7017 nmethods=6334 adapters=595
 compilation: enabled

Compilation events (10 events):
Event: 94.895 Thread 0x0000000015933000 7196       1       java.util.concurrent.locks.ReentrantReadWriteLock::readLock (5 bytes)
Event: 94.896 Thread 0x0000000015933000 nmethod 7196 0x0000000003430bd0 code [0x0000000003430d20, 0x0000000003430e30]
Event: 94.896 Thread 0x000000001592c000 nmethod 7197 0x0000000004747b10 code [0x0000000004747c40, 0x0000000004747cb8]
Event: 94.912 Thread 0x0000000015933000 7198       3       java.lang.Boolean::parseBoolean (19 bytes)
Event: 94.912 Thread 0x0000000015933000 nmethod 7198 0x0000000003a97710 code [0x0000000003a97880, 0x0000000003a97b08]
Event: 98.929 Thread 0x0000000015926000 7199       4       java.util.concurrent.LinkedBlockingDeque::unlinkFirst (74 bytes)
Event: 98.939 Thread 0x0000000015926000 nmethod 7199 0x0000000003484f90 code [0x0000000003485100, 0x0000000003485328]
Event: 99.556 Thread 0x000000001592c000 7200       4       org.gradle.internal.dispatch.ReflectionDispatch::dispatch (9 bytes)
Event: 99.556 Thread 0x0000000015933000 7201       3       org.gradle.internal.logging.sink.ProgressLogEventGenerator::doOutput (52 bytes)
Event: 99.561 Thread 0x0000000015933000 nmethod 7201 0x0000000003a08690 code [0x0000000003a08860, 0x0000000003a09018]

GC Heap History (10 events):
Event: 11.444 GC heap before
{Heap before GC invocations=13 (full 1):
 PSYoungGen      total 78848K, used 44669K [0x00000000eab00000, 0x00000000f1300000, 0x0000000100000000)
  eden space 71168K, 52% used [0x00000000eab00000,0x00000000ecf265c8,0x00000000ef080000)
  from space 7680K, 99% used [0x00000000ef080000,0x00000000ef7f9020,0x00000000ef800000)
  to   space 9728K, 0% used [0x00000000f0980000,0x00000000f0980000,0x00000000f1300000)
 ParOldGen       total 35328K, used 10766K [0x00000000c0000000, 0x00000000c2280000, 0x00000000eab00000)
  object space 35328K, 30% used [0x00000000c0000000,0x00000000c0a83a38,0x00000000c2280000)
 Metaspace       used 34768K, capacity 35322K, committed 35416K, reserved 1079296K
  class space    used 4895K, capacity 5083K, committed 5120K, reserved 1048576K
Event: 11.464 GC heap after
Heap after GC invocations=13 (full 1):
 PSYoungGen      total 95232K, used 9713K [0x00000000eab00000, 0x00000000f1a80000, 0x0000000100000000)
  eden space 85504K, 0% used [0x00000000eab00000,0x00000000eab00000,0x00000000efe80000)
  from space 9728K, 99% used [0x00000000f0980000,0x00000000f12fc538,0x00000000f1300000)
  to   space 11264K, 0% used [0x00000000efe80000,0x00000000efe80000,0x00000000f0980000)
 ParOldGen       total 35328K, used 11517K [0x00000000c0000000, 0x00000000c2280000, 0x00000000eab00000)
  object space 35328K, 32% used [0x00000000c0000000,0x00000000c0b3f610,0x00000000c2280000)
 Metaspace       used 34768K, capacity 35322K, committed 35416K, reserved 1079296K
  class space    used 4895K, capacity 5083K, committed 5120K, reserved 1048576K
}
Event: 11.464 GC heap before
{Heap before GC invocations=14 (full 2):
 PSYoungGen      total 95232K, used 9713K [0x00000000eab00000, 0x00000000f1a80000, 0x0000000100000000)
  eden space 85504K, 0% used [0x00000000eab00000,0x00000000eab00000,0x00000000efe80000)
  from space 9728K, 99% used [0x00000000f0980000,0x00000000f12fc538,0x00000000f1300000)
  to   space 11264K, 0% used [0x00000000efe80000,0x00000000efe80000,0x00000000f0980000)
 ParOldGen       total 35328K, used 11517K [0x00000000c0000000, 0x00000000c2280000, 0x00000000eab00000)
  object space 35328K, 32% used [0x00000000c0000000,0x00000000c0b3f610,0x00000000c2280000)
 Metaspace       used 34768K, capacity 35322K, committed 35416K, reserved 1079296K
  class space    used 4895K, capacity 5083K, committed 5120K, reserved 1048576K
Event: 11.589 GC heap after
Heap after GC invocations=14 (full 2):
 PSYoungGen      total 95232K, used 0K [0x00000000eab00000, 0x00000000f1a80000, 0x0000000100000000)
  eden space 85504K, 0% used [0x00000000eab00000,0x00000000eab00000,0x00000000efe80000)
  from space 9728K, 0% used [0x00000000f0980000,0x00000000f0980000,0x00000000f1300000)
  to   space 11264K, 0% used [0x00000000efe80000,0x00000000efe80000,0x00000000f0980000)
 ParOldGen       total 56320K, used 17383K [0x00000000c0000000, 0x00000000c3700000, 0x00000000eab00000)
  object space 56320K, 30% used [0x00000000c0000000,0x00000000c10f9c40,0x00000000c3700000)
 Metaspace       used 34768K, capacity 35322K, committed 35416K, reserved 1079296K
  class space    used 4895K, capacity 5083K, committed 5120K, reserved 1048576K
}
Event: 13.109 GC heap before
{Heap before GC invocations=15 (full 2):
 PSYoungGen      total 95232K, used 85504K [0x00000000eab00000, 0x00000000f1a80000, 0x0000000100000000)
  eden space 85504K, 100% used [0x00000000eab00000,0x00000000efe80000,0x00000000efe80000)
  from space 9728K, 0% used [0x00000000f0980000,0x00000000f0980000,0x00000000f1300000)
  to   space 11264K, 0% used [0x00000000efe80000,0x00000000efe80000,0x00000000f0980000)
 ParOldGen       total 56320K, used 17383K [0x00000000c0000000, 0x00000000c3700000, 0x00000000eab00000)
  object space 56320K, 30% used [0x00000000c0000000,0x00000000c10f9c40,0x00000000c3700000)
 Metaspace       used 36484K, capacity 37164K, committed 37248K, reserved 1081344K
  class space    used 5186K, capacity 5421K, committed 5504K, reserved 1048576K
Event: 13.124 GC heap after
Heap after GC invocations=15 (full 2):
 PSYoungGen      total 96768K, used 8469K [0x00000000eab00000, 0x00000000f2c00000, 0x0000000100000000)
  eden space 85504K, 0% used [0x00000000eab00000,0x00000000eab00000,0x00000000efe80000)
  from space 11264K, 75% used [0x00000000efe80000,0x00000000f06c57b8,0x00000000f0980000)
  to   space 11776K, 0% used [0x00000000f2080000,0x00000000f2080000,0x00000000f2c00000)
 ParOldGen       total 56320K, used 17383K [0x00000000c0000000, 0x00000000c3700000, 0x00000000eab00000)
  object space 56320K, 30% used [0x00000000c0000000,0x00000000c10f9c40,0x00000000c3700000)
 Metaspace       used 36484K, capacity 37164K, committed 37248K, reserved 1081344K
  class space    used 5186K, capacity 5421K, committed 5504K, reserved 1048576K
}
Event: 15.797 GC heap before
{Heap before GC invocations=16 (full 2):
 PSYoungGen      total 96768K, used 93973K [0x00000000eab00000, 0x00000000f2c00000, 0x0000000100000000)
  eden space 85504K, 100% used [0x00000000eab00000,0x00000000efe80000,0x00000000efe80000)
  from space 11264K, 75% used [0x00000000efe80000,0x00000000f06c57b8,0x00000000f0980000)
  to   space 11776K, 0% used [0x00000000f2080000,0x00000000f2080000,0x00000000f2c00000)
 ParOldGen       total 56320K, used 17383K [0x00000000c0000000, 0x00000000c3700000, 0x00000000eab00000)
  object space 56320K, 30% used [0x00000000c0000000,0x00000000c10f9c40,0x00000000c3700000)
 Metaspace       used 39878K, capacity 40802K, committed 41088K, reserved 1085440K
  class space    used 5641K, capacity 5922K, committed 6016K, reserved 1048576K
Event: 15.832 GC heap after
Heap after GC invocations=16 (full 2):
 PSYoungGen      total 117248K, used 11744K [0x00000000eab00000, 0x00000000f3180000, 0x0000000100000000)
  eden space 105472K, 0% used [0x00000000eab00000,0x00000000eab00000,0x00000000f1200000)
  from space 11776K, 99% used [0x00000000f2080000,0x00000000f2bf8010,0x00000000f2c00000)
  to   space 14848K, 0% used [0x00000000f1200000,0x00000000f1200000,0x00000000f2080000)
 ParOldGen       total 56320K, used 21247K [0x00000000c0000000, 0x00000000c3700000, 0x00000000eab00000)
  object space 56320K, 37% used [0x00000000c0000000,0x00000000c14bfd20,0x00000000c3700000)
 Metaspace       used 39878K, capacity 40802K, committed 41088K, reserved 1085440K
  class space    used 5641K, capacity 5922K, committed 6016K, reserved 1048576K
}
Event: 72.028 GC heap before
{Heap before GC invocations=17 (full 2):
 PSYoungGen      total 117248K, used 117216K [0x00000000eab00000, 0x00000000f3180000, 0x0000000100000000)
  eden space 105472K, 100% used [0x00000000eab00000,0x00000000f1200000,0x00000000f1200000)
  from space 11776K, 99% used [0x00000000f2080000,0x00000000f2bf8010,0x00000000f2c00000)
  to   space 14848K, 0% used [0x00000000f1200000,0x00000000f1200000,0x00000000f2080000)
 ParOldGen       total 56320K, used 21247K [0x00000000c0000000, 0x00000000c3700000, 0x00000000eab00000)
  object space 56320K, 37% used [0x00000000c0000000,0x00000000c14bfd20,0x00000000c3700000)
 Metaspace       used 41390K, capacity 42460K, committed 42496K, reserved 1085440K
  class space    used 5796K, capacity 6129K, committed 6144K, reserved 1048576K
Event: 72.109 GC heap after
Heap after GC invocations=17 (full 2):
 PSYoungGen      total 120320K, used 14816K [0x00000000eab00000, 0x00000000f4b00000, 0x0000000100000000)
  eden space 105472K, 0% used [0x00000000eab00000,0x00000000eab00000,0x00000000f1200000)
  from space 14848K, 99% used [0x00000000f1200000,0x00000000f2078030,0x00000000f2080000)
  to   space 17408K, 0% used [0x00000000f3a00000,0x00000000f3a00000,0x00000000f4b00000)
 ParOldGen       total 56320K, used 23130K [0x00000000c0000000, 0x00000000c3700000, 0x00000000eab00000)
  object space 56320K, 41% used [0x00000000c0000000,0x00000000c1696970,0x00000000c3700000)
 Metaspace       used 41390K, capacity 42460K, committed 42496K, reserved 1085440K
  class space    used 5796K, capacity 6129K, committed 6144K, reserved 1048576K
}

Deoptimization events (10 events):
Event: 17.606 Thread 0x00000000184a4800 Uncommon trap: reason=unstable_if action=reinterpret pc=0x0000000003afd734 method=com.esotericsoftware.kryo.io.Input.require(I)I @ 117
Event: 53.058 Thread 0x0000000019143800 Uncommon trap: reason=unstable_if action=reinterpret pc=0x0000000004511b50 method=java.io.ExpiringCache.entryFor(Ljava/lang/String;)Ljava/io/ExpiringCache$Entry; @ 39
Event: 53.059 Thread 0x0000000019143800 Uncommon trap: reason=unstable_if action=reinterpret pc=0x00000000044adb7c method=java.io.ExpiringCache.entryFor(Ljava/lang/String;)Ljava/io/ExpiringCache$Entry; @ 39
Event: 70.172 Thread 0x0000000018d17800 Uncommon trap: reason=class_check action=maybe_recompile pc=0x0000000003773dc0 method=java.lang.reflect.Method.equals(Ljava/lang/Object;)Z @ 5
Event: 70.174 Thread 0x0000000018d17800 Uncommon trap: reason=class_check action=maybe_recompile pc=0x0000000003773dc0 method=java.lang.reflect.Method.equals(Ljava/lang/Object;)Z @ 5
Event: 70.603 Thread 0x0000000018d17800 Uncommon trap: reason=predicate action=maybe_recompile pc=0x00000000044fd688 method=java.nio.charset.CharsetDecoder.decode(Ljava/nio/ByteBuffer;Ljava/nio/CharBuffer;Z)Ljava/nio/charset/CoderResult; @ 54
Event: 70.698 Thread 0x0000000018d17800 Uncommon trap: reason=class_check action=maybe_recompile pc=0x00000000039fa7e8 method=java.util.concurrent.ConcurrentHashMap.putVal(Ljava/lang/Object;Ljava/lang/Object;Z)Ljava/lang/Object; @ 192
Event: 71.795 Thread 0x0000000018d17800 Uncommon trap: reason=null_check action=make_not_entrant pc=0x0000000003f5a12c method=io.spring.gradle.dependencymanagement.org.apache.maven.model.io.xpp3.MavenXpp3Reader.checkFieldWithDuplicate(Lio/spring/gradle/dependencymanagement/org/codehaus/plexus/u
Event: 71.808 Thread 0x0000000018d17800 Uncommon trap: reason=unstable_if action=reinterpret pc=0x000000000467876c method=sun.nio.cs.StreamDecoder.implRead([CII)I @ 36
Event: 73.873 Thread 0x0000000018d17800 Uncommon trap: reason=unstable_if action=reinterpret pc=0x0000000004513074 method=org.apache.tools.ant.filters.ReplaceTokens.read()I @ 240

Classes redefined (0 events):
No events

Internal exceptions (10 events):
Event: 17.537 Thread 0x0000000019138000 Exception <a 'java/lang/NoSuchMethodError': <clinit>> (0x00000000ede633b0) thrown at [C:\re\workspace\8-2-build-windows-amd64-cygwin\jdk8u202\12323\hotspot\src\share\vm\prims\jni.cpp, line 1614]
Event: 17.540 Thread 0x0000000019138000 Exception <a 'java/lang/NoSuchMethodError': <clinit>> (0x00000000ede84c10) thrown at [C:\re\workspace\8-2-build-windows-amd64-cygwin\jdk8u202\12323\hotspot\src\share\vm\prims\jni.cpp, line 1614]
Event: 17.540 Thread 0x0000000019138000 Exception <a 'java/lang/NoSuchMethodError': <clinit>> (0x00000000ede8a778) thrown at [C:\re\workspace\8-2-build-windows-amd64-cygwin\jdk8u202\12323\hotspot\src\share\vm\prims\jni.cpp, line 1614]
Event: 17.543 Thread 0x0000000019138000 Exception <a 'java/lang/NoSuchMethodError': <clinit>> (0x00000000ede9ca40) thrown at [C:\re\workspace\8-2-build-windows-amd64-cygwin\jdk8u202\12323\hotspot\src\share\vm\prims\jni.cpp, line 1614]
Event: 17.548 Thread 0x0000000019138000 Exception <a 'java/lang/NoSuchMethodError': <clinit>> (0x00000000edecc2a8) thrown at [C:\re\workspace\8-2-build-windows-amd64-cygwin\jdk8u202\12323\hotspot\src\share\vm\prims\jni.cpp, line 1614]
Event: 17.605 Thread 0x00000000184a4800 Exception <a 'java/lang/NoSuchMethodError': <clinit>> (0x00000000edf65600) thrown at [C:\re\workspace\8-2-build-windows-amd64-cygwin\jdk8u202\12323\hotspot\src\share\vm\prims\jni.cpp, line 1614]
Event: 71.795 Thread 0x0000000018d17800 Implicit null exception at 0x0000000003f58d89 to 0x0000000003f5a119
Event: 99.546 Thread 0x000000001c111000 StackOverflowError at 0x00000000043f9760
Event: 99.547 Thread 0x000000001c111000 Exception <a 'java/lang/StackOverflowError'> (0x00000000ede78e10) thrown at [C:\re\workspace\8-2-build-windows-amd64-cygwin\jdk8u202\12323\hotspot\src\share\vm\runtime\sharedRuntime.cpp, line 605]
Event: 99.547 Thread 0x000000001c111000 Exception <a 'java/lang/StackOverflowError'> (0x00000000ede78e10) thrown at [C:\re\workspace\8-2-build-windows-amd64-cygwin\jdk8u202\12323\hotspot\src\share\vm\prims\jvm.cpp, line 1506]

Events (10 events):
Event: 94.909 Thread 0x0000000015933000 flushing nmethod 0x0000000003eee750
Event: 94.910 Thread 0x0000000015933000 flushing nmethod 0x0000000003ef0210
Event: 94.910 Thread 0x0000000015933000 flushing nmethod 0x0000000003ef0a90
Event: 94.910 Thread 0x0000000015933000 flushing nmethod 0x0000000003ef1750
Event: 94.920 Thread 0x0000000015933000 flushing nmethod 0x0000000003fe0190
Event: 95.002 Thread 0x0000000015933000 flushing nmethod 0x0000000004072550
Event: 98.945 Thread 0x0000000015926000 flushing nmethod 0x0000000004134910
Event: 98.949 Thread 0x0000000015926000 flushing nmethod 0x0000000004165510
Event: 98.958 Thread 0x0000000015926000 flushing nmethod 0x00000000041cde10
Event: 99.568 loading class java/lang/Throwable$WrappedPrintWriter


Dynamic libraries:
0x00007ff6d6b20000 - 0x00007ff6d6b57000 	C:\Program Files\Java\jdk1.8.0_202\bin\java.exe
0x00007ffd63610000 - 0x00007ffd63805000 	C:\WINDOWS\SYSTEM32\ntdll.dll
0x00007ffd617e0000 - 0x00007ffd6189d000 	C:\WINDOWS\System32\KERNEL32.DLL
0x00007ffd61010000 - 0x00007ffd612dd000 	C:\WINDOWS\System32\KERNELBASE.dll
0x00007ffd62560000 - 0x00007ffd6260e000 	C:\WINDOWS\System32\ADVAPI32.dll
0x00007ffd62ae0000 - 0x00007ffd62b7e000 	C:\WINDOWS\System32\msvcrt.dll
0x00007ffd61740000 - 0x00007ffd617dc000 	C:\WINDOWS\System32\sechost.dll
0x00007ffd62d30000 - 0x00007ffd62e55000 	C:\WINDOWS\System32\RPCRT4.dll
0x00007ffd62360000 - 0x00007ffd62500000 	C:\WINDOWS\System32\USER32.dll
0x00007ffd60f20000 - 0x00007ffd60f42000 	C:\WINDOWS\System32\win32u.dll
0x00007ffd635a0000 - 0x00007ffd635ca000 	C:\WINDOWS\System32\GDI32.dll
0x00007ffd614e0000 - 0x00007ffd615eb000 	C:\WINDOWS\System32\gdi32full.dll
0x00007ffd60d20000 - 0x00007ffd60dbd000 	C:\WINDOWS\System32\msvcp_win.dll
0x00007ffd613e0000 - 0x00007ffd614e0000 	C:\WINDOWS\System32\ucrtbase.dll
0x00007ffd48f50000 - 0x00007ffd491ea000 	C:\WINDOWS\WinSxS\amd64_microsoft.windows.common-controls_6595b64144ccf1df_6.0.19041.1110_none_60b5254171f9507e\COMCTL32.dll
0x00007ffd62330000 - 0x00007ffd62360000 	C:\WINDOWS\System32\IMM32.DLL
0x00000000539b0000 - 0x0000000053a82000 	C:\Program Files\Java\jdk1.8.0_202\jre\bin\msvcr100.dll
0x0000000051df0000 - 0x0000000052695000 	C:\Program Files\Java\jdk1.8.0_202\jre\bin\server\jvm.dll
0x00007ffd618a0000 - 0x00007ffd618a8000 	C:\WINDOWS\System32\PSAPI.DLL
0x00007ffd2a4d0000 - 0x00007ffd2a4d9000 	C:\WINDOWS\SYSTEM32\WSOCK32.dll
0x00007ffd63530000 - 0x00007ffd6359b000 	C:\WINDOWS\System32\WS2_32.dll
0x00007ffd3cae0000 - 0x00007ffd3cb07000 	C:\WINDOWS\SYSTEM32\WINMM.dll
0x00007ffd5f4a0000 - 0x00007ffd5f4aa000 	C:\WINDOWS\SYSTEM32\VERSION.dll
0x00007ffd5f5a0000 - 0x00007ffd5f5af000 	C:\Program Files\Java\jdk1.8.0_202\jre\bin\verify.dll
0x00007ffd56db0000 - 0x00007ffd56dd9000 	C:\Program Files\Java\jdk1.8.0_202\jre\bin\java.dll
0x00007ffd4a3e0000 - 0x00007ffd4a3f6000 	C:\Program Files\Java\jdk1.8.0_202\jre\bin\zip.dll
0x00007ffd61be0000 - 0x00007ffd62324000 	C:\WINDOWS\System32\SHELL32.dll
0x00007ffd5ed00000 - 0x00007ffd5f494000 	C:\WINDOWS\SYSTEM32\windows.storage.dll
0x00007ffd62780000 - 0x00007ffd62ad4000 	C:\WINDOWS\System32\combase.dll
0x00007ffd606b0000 - 0x00007ffd606dc000 	C:\WINDOWS\SYSTEM32\Wldp.dll
0x00007ffd61910000 - 0x00007ffd619bd000 	C:\WINDOWS\System32\SHCORE.dll
0x00007ffd618b0000 - 0x00007ffd61905000 	C:\WINDOWS\System32\shlwapi.dll
0x00007ffd60c60000 - 0x00007ffd60c7f000 	C:\WINDOWS\SYSTEM32\profapi.dll
0x00007ffd4a3a0000 - 0x00007ffd4a3ba000 	C:\Program Files\Java\jdk1.8.0_202\jre\bin\net.dll
0x00007ffd4ad50000 - 0x00007ffd4af3c000 	C:\WINDOWS\SYSTEM32\urlmon.dll
0x00007ffd4b0e0000 - 0x00007ffd4b391000 	C:\WINDOWS\SYSTEM32\iertutil.dll
0x00007ffd4acc0000 - 0x00007ffd4ace8000 	C:\WINDOWS\SYSTEM32\srvcli.dll
0x00007ffd60210000 - 0x00007ffd6021c000 	C:\WINDOWS\SYSTEM32\netutils.dll
0x00007ffd60410000 - 0x00007ffd6047a000 	C:\WINDOWS\system32\mswsock.dll
0x00007ffd4a340000 - 0x00007ffd4a352000 	C:\Program Files\Java\jdk1.8.0_202\jre\bin\nio.dll
0x00007ffd4a2a0000 - 0x00007ffd4a2be000 	C:\Users\WILSON\.gradle\native\25\windows-amd64\native-platform.dll
0x00007ffd60610000 - 0x00007ffd60628000 	C:\WINDOWS\SYSTEM32\CRYPTSP.dll
0x00007ffd5fd90000 - 0x00007ffd5fdc4000 	C:\WINDOWS\system32\rsaenh.dll
0x00007ffd60fe0000 - 0x00007ffd61007000 	C:\WINDOWS\System32\bcrypt.dll
0x00007ffd60c20000 - 0x00007ffd60c4e000 	C:\WINDOWS\SYSTEM32\USERENV.dll
0x00007ffd60f50000 - 0x00007ffd60fd2000 	C:\WINDOWS\System32\bcryptprimitives.dll
0x00007ffd60600000 - 0x00007ffd6060c000 	C:\WINDOWS\SYSTEM32\CRYPTBASE.dll
0x00007ffd60100000 - 0x00007ffd6013b000 	C:\WINDOWS\SYSTEM32\IPHLPAPI.DLL
0x00007ffd61b00000 - 0x00007ffd61b08000 	C:\WINDOWS\System32\NSI.dll
0x00007ffd4da40000 - 0x00007ffd4da57000 	C:\WINDOWS\SYSTEM32\dhcpcsvc6.DLL
0x00007ffd522f0000 - 0x00007ffd5230d000 	C:\WINDOWS\SYSTEM32\dhcpcsvc.DLL
0x00007ffd60140000 - 0x00007ffd6020b000 	C:\WINDOWS\SYSTEM32\DNSAPI.dll
0x00007ffd4cb90000 - 0x00007ffd4cb9d000 	C:\Program Files\Java\jdk1.8.0_202\jre\bin\management.dll

VM Arguments:
jvm_args: -XX:MaxPermSize=256m -XX:+HeapDumpOnOutOfMemoryError -Xmx1024m -Dfile.encoding=UTF-8 -Duser.country=US -Duser.language=en -Duser.variant 
java_command: org.gradle.launcher.daemon.bootstrap.GradleDaemon 3.5
java_class_path (initial): C:\Users\WILSON\.gradle\wrapper\dists\gradle-3.5-bin\daoimhu7k5rlo48ntmxw2ok3e\gradle-3.5\lib\gradle-launcher-3.5.jar
Launcher Type: SUN_STANDARD

Environment Variables:
PATH=C:\Program Files\Common Files\Oracle\Java\javapath;C:\Program Files (x86)\Common Files\Oracle\Java\javapath;C:\WINDOWS\system32;C:\WINDOWS;C:\WINDOWS\System32\Wbem;C:\WINDOWS\System32\WindowsPowerShell\v1.0\;C:\Program Files\Microsoft\Web Platform Installer\;C:\Program Files (x86)\PowerShell\7\;C:\WINDOWS\System32\OpenSSH\;C:\Program Files\Git\cmd;C:\grails-3.3.5\bin;C:\Program Files\Microsoft SQL Server\Client SDK\ODBC\110\Tools\Binn\;C:\Program Files (x86)\Microsoft SQL Server\120\Tools\Binn\;C:\Program Files\Microsoft SQL Server\120\Tools\Binn\;C:\Program Files\Microsoft SQL Server\120\DTS\Binn\;C:\Program Files (x86)\Microsoft SQL Server\120\Tools\Binn\ManagementStudio\;C:\Program Files (x86)\Microsoft SQL Server\120\DTS\Binn\;C:\Users\WILSON\AppData\Local\Microsoft\WindowsApps;C:\Users\WILSON\AppData\Local\Programs\Microsoft VS Code\bin;C:\php-7.4.28-nts-Win32-vc15-x64;
USERNAME=WILSON
OS=Windows_NT
PROCESSOR_IDENTIFIER=Intel64 Family 6 Model 142 Stepping 9, GenuineIntel



---------------  S Y S T E M  ---------------

OS: Windows 10.0 , 64 bit Build 19041 (10.0.19041.1706)

CPU:total 4 (initial active 4) (2 cores per cpu, 2 threads per core) family 6 model 142 stepping 9, cmov, cx8, fxsr, mmx, sse, sse2, sse3, ssse3, sse4.1, sse4.2, popcnt, avx, avx2, aes, clmul, erms, 3dnowpref, lzcnt, ht, tsc, tscinvbit, bmi1, bmi2, adx

Memory: 4k page, physical 3554520k(173348k free), swap 14564568k(0k free)

vm_info: Java HotSpot(TM) 64-Bit Server VM (25.202-b08) for windows-amd64 JRE (1.8.0_202-b08), built on Dec 15 2018 19:54:30 by "java_re" with MS VC++ 10.0 (VS2010)

time: Mon Sep 11 09:48:22 2023
timezone: South Africa Standard Time
elapsed time: 99 seconds (0d 0h 1m 39s)

