#
# There is insufficient memory for the Java Runtime Environment to continue.
# Native memory allocation (malloc) failed to allocate 32744 bytes for ChunkPool::allocate
# Possible reasons:
#   The system is out of physical RAM or swap space
#   The process is running with CompressedOops enabled, and the Java Heap may be blocking the growth of the native heap
# Possible solutions:
#   Reduce memory load on the system
#   Increase physical memory or swap space
#   Check if swap backing store is full
#   Decrease Java heap size (-Xmx/-Xms)
#   Decrease number of Java threads
#   Decrease Java thread stack sizes (-Xss)
#   Set larger code cache with -XX:ReservedCodeCacheSize=
#   JVM is running with Unscaled Compressed Oops mode in which the Java heap is
#     placed in the first 4GB address space. The Java Heap base address is the
#     maximum limit for the native heap growth. Please use -XX:HeapBaseMinAddress
#     to set the Java Heap base and to place the Java Heap above 4GB virtual address.
# This output file may be truncated or incomplete.
#
#  Out of Memory Error (allocation.cpp:272), pid=19436, tid=0x0000000000003374
#
# JRE version: Java(TM) SE Runtime Environment (8.0_202-b08) (build 1.8.0_202-b08)
# Java VM: Java HotSpot(TM) 64-Bit Server VM (25.202-b08 mixed mode windows-amd64 compressed oops)
# Failed to write core dump. Minidumps are not enabled by default on client versions of Windows
#

---------------  T H R E A D  ---------------

Current thread (0x00000000025fe000):  JavaThread "main" [_thread_in_vm, id=13172, stack(0x0000000002490000,0x0000000002590000)]

Stack: [0x0000000002490000,0x0000000002590000]
[error occurred during error reporting (printing stack bounds), id 0xc0000005]

Native frames: (J=compiled Java code, j=interpreted, Vv=VM code, C=native code)

Java frames: (J=compiled Java code, j=interpreted, Vv=VM code)
J 661  java.lang.ClassLoader.defineClass1(Ljava/lang/String;[BIILjava/security/ProtectionDomain;Ljava/lang/String;)Ljava/lang/Class; (0 bytes) @ 0x0000000002bc3b1f [0x0000000002bc3a80+0x9f]
J 532 C1 java.lang.ClassLoader.defineClass(Ljava/lang/String;[BIILjava/security/ProtectionDomain;)Ljava/lang/Class; (43 bytes) @ 0x0000000002b8425c [0x0000000002b84160+0xfc]
J 535 C1 java.net.URLClassLoader.defineClass(Ljava/lang/String;Lsun/misc/Resource;)Ljava/lang/Class; (142 bytes) @ 0x0000000002b8684c [0x0000000002b85e80+0x9cc]
J 401 C1 java.net.URLClassLoader$1.run()Ljava/lang/Class; (63 bytes) @ 0x0000000002b40bf4 [0x0000000002b40b40+0xb4]
J 344 C1 java.net.URLClassLoader$1.run()Ljava/lang/Object; (5 bytes) @ 0x0000000002b23254 [0x0000000002b23220+0x34]
v  ~StubRoutines::call_stub
J 176  java.security.AccessController.doPrivileged(Ljava/security/PrivilegedExceptionAction;Ljava/security/AccessControlContext;)Ljava/lang/Object; (0 bytes) @ 0x00000000029bd766 [0x00000000029bd700+0x66]
J 342 C1 java.net.URLClassLoader.findClass(Ljava/lang/String;)Ljava/lang/Class; (47 bytes) @ 0x0000000002b229f4 [0x0000000002b22940+0xb4]
J 3646 C1 java.lang.ClassLoader.loadClass(Ljava/lang/String;Z)Ljava/lang/Class; (122 bytes) @ 0x0000000003156f24 [0x0000000003156c20+0x304]
J 364 C1 sun.misc.Launcher$AppClassLoader.loadClass(Ljava/lang/String;Z)Ljava/lang/Class; (85 bytes) @ 0x0000000002b2a044 [0x0000000002b29d60+0x2e4]
J 363 C1 java.lang.ClassLoader.loadClass(Ljava/lang/String;)Ljava/lang/Class; (7 bytes) @ 0x0000000002b29a24 [0x0000000002b299e0+0x44]
v  ~StubRoutines::call_stub
J 661  java.lang.ClassLoader.defineClass1(Ljava/lang/String;[BIILjava/security/ProtectionDomain;Ljava/lang/String;)Ljava/lang/Class; (0 bytes) @ 0x0000000002bc3b1f [0x0000000002bc3a80+0x9f]
J 532 C1 java.lang.ClassLoader.defineClass(Ljava/lang/String;[BIILjava/security/ProtectionDomain;)Ljava/lang/Class; (43 bytes) @ 0x0000000002b8425c [0x0000000002b84160+0xfc]
J 535 C1 java.net.URLClassLoader.defineClass(Ljava/lang/String;Lsun/misc/Resource;)Ljava/lang/Class; (142 bytes) @ 0x0000000002b8684c [0x0000000002b85e80+0x9cc]
J 401 C1 java.net.URLClassLoader$1.run()Ljava/lang/Class; (63 bytes) @ 0x0000000002b40bf4 [0x0000000002b40b40+0xb4]
J 344 C1 java.net.URLClassLoader$1.run()Ljava/lang/Object; (5 bytes) @ 0x0000000002b23254 [0x0000000002b23220+0x34]
v  ~StubRoutines::call_stub
J 176  java.security.AccessController.doPrivileged(Ljava/security/PrivilegedExceptionAction;Ljava/security/AccessControlContext;)Ljava/lang/Object; (0 bytes) @ 0x00000000029bd766 [0x00000000029bd700+0x66]
J 342 C1 java.net.URLClassLoader.findClass(Ljava/lang/String;)Ljava/lang/Class; (47 bytes) @ 0x0000000002b229f4 [0x0000000002b22940+0xb4]
J 3646 C1 java.lang.ClassLoader.loadClass(Ljava/lang/String;Z)Ljava/lang/Class; (122 bytes) @ 0x0000000003156f24 [0x0000000003156c20+0x304]
J 364 C1 sun.misc.Launcher$AppClassLoader.loadClass(Ljava/lang/String;Z)Ljava/lang/Class; (85 bytes) @ 0x0000000002b2a044 [0x0000000002b29d60+0x2e4]
J 363 C1 java.lang.ClassLoader.loadClass(Ljava/lang/String;)Ljava/lang/Class; (7 bytes) @ 0x0000000002b29a24 [0x0000000002b299e0+0x44]
v  ~StubRoutines::call_stub
j  org.hibernate.engine.jdbc.env.internal.JdbcEnvironmentImpl.<init>(Lorg/hibernate/service/spi/ServiceRegistryImplementor;Lorg/hibernate/dialect/Dialect;Ljava/sql/DatabaseMetaData;)V+239
j  org.hibernate.engine.jdbc.env.internal.JdbcEnvironmentInitiator.initiateService(Ljava/util/Map;Lorg/hibernate/service/spi/ServiceRegistryImplementor;)Lorg/hibernate/engine/jdbc/env/spi/JdbcEnvironment;+235
j  org.hibernate.engine.jdbc.env.internal.JdbcEnvironmentInitiator.initiateService(Ljava/util/Map;Lorg/hibernate/service/spi/ServiceRegistryImplementor;)Lorg/hibernate/service/Service;+3
j  org.hibernate.boot.registry.internal.StandardServiceRegistryImpl.initiateService(Lorg/hibernate/service/spi/ServiceInitiator;)Lorg/hibernate/service/Service;+9
j  org.hibernate.service.internal.AbstractServiceRegistryImpl.createService(Lorg/hibernate/service/spi/ServiceBinding;)Lorg/hibernate/service/Service;+26
j  org.hibernate.service.internal.AbstractServiceRegistryImpl.initializeService(Lorg/hibernate/service/spi/ServiceBinding;)Lorg/hibernate/service/Service;+30
j  org.hibernate.service.internal.AbstractServiceRegistryImpl.getService(Ljava/lang/Class;)Lorg/hibernate/service/Service;+84
j  org.hibernate.engine.jdbc.internal.JdbcServicesImpl.configure(Ljava/util/Map;)V+7
j  org.hibernate.boot.registry.internal.StandardServiceRegistryImpl.configureService(Lorg/hibernate/service/spi/ServiceBinding;)V+23
j  org.hibernate.service.internal.AbstractServiceRegistryImpl.initializeService(Lorg/hibernate/service/spi/ServiceBinding;)Lorg/hibernate/service/Service;+55
j  org.hibernate.service.internal.AbstractServiceRegistryImpl.getService(Ljava/lang/Class;)Lorg/hibernate/service/Service;+84
j  org.hibernate.boot.model.process.spi.MetadataBuildingProcess.handleTypes(Lorg/hibernate/boot/spi/MetadataBuildingOptions;)Lorg/hibernate/type/BasicTypeRegistry;+43
j  org.hibernate.boot.model.process.spi.MetadataBuildingProcess.complete(Lorg/hibernate/boot/model/process/spi/ManagedResources;Lorg/hibernate/boot/spi/MetadataBuildingOptions;)Lorg/hibernate/boot/spi/MetadataImplementor;+1
j  org.hibernate.boot.model.process.spi.MetadataBuildingProcess.build(Lorg/hibernate/boot/MetadataSources;Lorg/hibernate/boot/spi/MetadataBuildingOptions;)Lorg/hibernate/boot/spi/MetadataImplementor;+6
j  org.hibernate.boot.internal.MetadataBuilderImpl.build()Lorg/hibernate/boot/spi/MetadataImplementor;+92
j  org.hibernate.boot.internal.MetadataBuilderImpl.build()Lorg/hibernate/boot/Metadata;+1
j  org.hibernate.cfg.Configuration.buildSessionFactory(Lorg/hibernate/service/ServiceRegistry;)Lorg/hibernate/SessionFactory;+359
j  org.grails.orm.hibernate.cfg.HibernateMappingContextConfiguration.buildSessionFactory()Lorg/hibernate/SessionFactory;+359
j  org.grails.orm.hibernate.connections.HibernateConnectionSourceFactory.create(Ljava/lang/String;Lorg/grails/datastore/mapping/core/connections/ConnectionSource;Lorg/grails/orm/hibernate/connections/HibernateConnectionSourceSettings;)Lorg/grails/datastore/mapping/core/connections/ConnectionSource;+11
j  org.grails.orm.hibernate.connections.AbstractHibernateConnectionSourceFactory.create(Ljava/lang/String;Lorg/grails/orm/hibernate/connections/HibernateConnectionSourceSettings;)Lorg/grails/datastore/mapping/core/connections/ConnectionSource;+21
j  org.grails.orm.hibernate.connections.AbstractHibernateConnectionSourceFactory.create(Ljava/lang/String;Lorg/grails/datastore/mapping/core/connections/ConnectionSourceSettings;)Lorg/grails/datastore/mapping/core/connections/ConnectionSource;+6
j  org.grails.datastore.mapping.core.connections.AbstractConnectionSourceFactory.create(Ljava/lang/String;Lorg/springframework/core/env/PropertyResolver;Lorg/grails/datastore/mapping/core/connections/ConnectionSourceSettings;)Lorg/grails/datastore/mapping/core/connections/ConnectionSource;+23
j  org.grails.datastore.mapping.core.connections.AbstractConnectionSourceFactory.create(Ljava/lang/String;Lorg/springframework/core/env/PropertyResolver;)Lorg/grails/datastore/mapping/core/connections/ConnectionSource;+67
j  org.grails.datastore.mapping.core.connections.ConnectionSourcesInitializer.create(Lorg/grails/datastore/mapping/core/connections/ConnectionSourceFactory;Lorg/springframework/core/env/PropertyResolver;)Lorg/grails/datastore/mapping/core/connections/ConnectionSources;+5
j  org.grails.orm.hibernate.HibernateDatastore.<init>(Lorg/springframework/core/env/PropertyResolver;Lorg/grails/orm/hibernate/connections/HibernateConnectionSourceFactory;Lorg/grails/datastore/gorm/events/ConfigurableApplicationEventPublisher;)V+28
v  ~StubRoutines::call_stub
J 2228  sun.reflect.NativeConstructorAccessorImpl.newInstance0(Ljava/lang/reflect/Constructor;[Ljava/lang/Object;)Ljava/lang/Object; (0 bytes) @ 0x0000000002e57aa6 [0x0000000002e57a40+0x66]
J 1712 C1 sun.reflect.NativeConstructorAccessorImpl.newInstance([Ljava/lang/Object;)Ljava/lang/Object; (89 bytes) @ 0x0000000002d7896c [0x0000000002d78620+0x34c]
J 1094 C1 sun.reflect.DelegatingConstructorAccessorImpl.newInstance([Ljava/lang/Object;)Ljava/lang/Object; (9 bytes) @ 0x0000000002c82524 [0x0000000002c824e0+0x44]
J 1621 C1 java.lang.reflect.Constructor.newInstance([Ljava/lang/Object;)Ljava/lang/Object; (87 bytes) @ 0x0000000002d4f89c [0x0000000002d4f780+0x11c]
J 1718 C1 org.springsource.loaded.ri.ReflectiveInterceptor.jlrConstructorNewInstance(Ljava/lang/reflect/Constructor;[Ljava/lang/Object;)Ljava/lang/Object; (177 bytes) @ 0x0000000002d7b064 [0x0000000002d7a7a0+0x8c4]
J 2592 C1 org.springframework.beans.BeanUtils.instantiateClass(Ljava/lang/reflect/Constructor;[Ljava/lang/Object;)Ljava/lang/Object; (71 bytes) @ 0x0000000002f17244 [0x0000000002f17200+0x44]
j  org.springframework.beans.factory.support.SimpleInstantiationStrategy.instantiate(Lorg/springframework/beans/factory/support/RootBeanDefinition;Ljava/lang/String;Lorg/springframework/beans/factory/BeanFactory;Ljava/lang/reflect/Constructor;[Ljava/lang/Object;)Ljava/lang/Object;+34
j  org.springframework.beans.factory.support.ConstructorResolver.autowireConstructor(Ljava/lang/String;Lorg/springframework/beans/factory/support/RootBeanDefinition;[Ljava/lang/reflect/Constructor;[Ljava/lang/Object;)Lorg/springframework/beans/BeanWrapper;+870
j  org.springframework.beans.factory.support.AbstractAutowireCapableBeanFactory.autowireConstructor(Ljava/lang/String;Lorg/springframework/beans/factory/support/RootBeanDefinition;[Ljava/lang/reflect/Constructor;[Ljava/lang/Object;)Lorg/springframework/beans/BeanWrapper;+13
j  org.springframework.beans.factory.support.AbstractAutowireCapableBeanFactory.createBeanInstance(Ljava/lang/String;Lorg/springframework/beans/factory/support/RootBeanDefinition;[Ljava/lang/Object;)Lorg/springframework/beans/BeanWrapper;+203
j  org.springframework.beans.factory.support.AbstractAutowireCapableBeanFactory.doCreateBean(Ljava/lang/String;Lorg/springframework/beans/factory/support/RootBeanDefinition;[Ljava/lang/Object;)Ljava/lang/Object;+34
j  org.springframework.beans.factory.support.AbstractAutowireCapableBeanFactory.createBean(Ljava/lang/String;Lorg/springframework/beans/factory/support/RootBeanDefinition;[Ljava/lang/Object;)Ljava/lang/Object;+173
j  org.springframework.beans.factory.support.AbstractBeanFactory$1.getObject()Ljava/lang/Object;+16
j  org.springframework.beans.factory.support.DefaultSingletonBeanRegistry.getSingleton(Ljava/lang/String;Lorg/springframework/beans/factory/ObjectFactory;)Ljava/lang/Object;+132
J 2742 C1 org.springframework.beans.factory.support.AbstractBeanFactory.doGetBean(Ljava/lang/String;Ljava/lang/Class;[Ljava/lang/Object;Z)Ljava/lang/Object; (787 bytes) @ 0x0000000002f54fb4 [0x0000000002f549a0+0x614]
j  org.springframework.beans.factory.support.AbstractBeanFactory.getBean(Ljava/lang/String;)Ljava/lang/Object;+5
j  org.springframework.beans.factory.support.BeanDefinitionValueResolver.resolveReference(Ljava/lang/Object;Lorg/springframework/beans/factory/config/RuntimeBeanReference;)Ljava/lang/Object;+97
j  org.springframework.beans.factory.support.BeanDefinitionValueResolver.resolveValueIfNecessary(Ljava/lang/Object;Ljava/lang/Object;)Ljava/lang/Object;+15
j  org.springframework.beans.factory.support.ConstructorResolver.resolveConstructorArguments(Ljava/lang/String;Lorg/springframework/beans/factory/support/RootBeanDefinition;Lorg/springframework/beans/BeanWrapper;Lorg/springframework/beans/factory/config/ConstructorArgumentValues;Lorg/springframework/beans/factory/config/ConstructorArgumentValues;)I+301
j  org.springframework.beans.factory.support.ConstructorResolver.autowireConstructor(Ljava/lang/String;Lorg/springframework/beans/factory/support/RootBeanDefinition;[Ljava/lang/reflect/Constructor;[Ljava/lang/Object;)Lorg/springframework/beans/BeanWrapper;+185
j  org.springframework.beans.factory.support.AbstractAutowireCapableBeanFactory.autowireConstructor(Ljava/lang/String;Lorg/springframework/beans/factory/support/RootBeanDefinition;[Ljava/lang/reflect/Constructor;[Ljava/lang/Object;)Lorg/springframework/beans/BeanWrapper;+13
j  org.springframework.beans.factory.support.AbstractAutowireCapableBeanFactory.createBeanInstance(Ljava/lang/String;Lorg/springframework/beans/factory/support/RootBeanDefinition;[Ljava/lang/Object;)Lorg/springframework/beans/BeanWrapper;+203
j  org.springframework.beans.factory.support.AbstractAutowireCapableBeanFactory.getSingletonFactoryBeanForTypeCheck(Ljava/lang/String;Lorg/springframework/beans/factory/support/RootBeanDefinition;)Lorg/springframework/beans/factory/FactoryBean;+116
j  org.springframework.beans.factory.support.AbstractAutowireCapableBeanFactory.getTypeForFactoryBean(Ljava/lang/String;Lorg/springframework/beans/factory/support/RootBeanDefinition;)Ljava/lang/Class;+91
J 2698 C1 org.springframework.beans.factory.support.AbstractBeanFactory.isTypeMatch(Ljava/lang/String;Lorg/springframework/core/ResolvableType;)Z (502 bytes) @ 0x0000000002f41114 [0x0000000002f405c0+0xb54]
j  org.springframework.beans.factory.support.DefaultListableBeanFactory.doGetBeanNamesForType(Lorg/springframework/core/ResolvableType;ZZ)[Ljava/lang/String;+187
j  org.springframework.beans.factory.support.DefaultListableBeanFactory.getBeanNamesForType(Ljava/lang/Class;ZZ)[Ljava/lang/String;+22
j  org.springframework.beans.factory.BeanFactoryUtils.beanNamesForTypeIncludingAncestors(Lorg/springframework/beans/factory/ListableBeanFactory;Ljava/lang/Class;ZZ)[Ljava/lang/String;+10
j  org.springframework.beans.factory.support.DefaultListableBeanFactory.findAutowireCandidates(Ljava/lang/String;Ljava/lang/Class;Lorg/springframework/beans/factory/config/DependencyDescriptor;)Ljava/util/Map;+7
j  org.springframework.beans.factory.support.DefaultListableBeanFactory.doResolveDependency(Lorg/springframework/beans/factory/config/DependencyDescriptor;Ljava/lang/String;Ljava/util/Set;Lorg/springframework/beans/TypeConverter;)Ljava/lang/Object;+207
j  org.springframework.beans.factory.support.DefaultListableBeanFactory.resolveDependency(Lorg/springframework/beans/factory/config/DependencyDescriptor;Ljava/lang/String;Ljava/util/Set;Lorg/springframework/beans/TypeConverter;)Ljava/lang/Object;+117
j  org.springframework.beans.factory.support.ConstructorResolver.resolveAutowiredArgument(Lorg/springframework/core/MethodParameter;Ljava/lang/String;Ljava/util/Set;Lorg/springframework/beans/TypeConverter;)Ljava/lang/Object;+77
j  org.springframework.beans.factory.support.ConstructorResolver.createArgumentArray(Ljava/lang/String;Lorg/springframework/beans/factory/support/RootBeanDefinition;Lorg/springframework/beans/factory/config/ConstructorArgumentValues;Lorg/springframework/beans/BeanWrapper;[Ljava/lang/Class;[Ljava/lang/String;Ljava/lang/Object;Z)Lorg/springframework/beans/factory/support/ConstructorResolver$ArgumentsHolder;+423
j  org.springframework.beans.factory.support.ConstructorResolver.instantiateUsingFactoryMethod(Ljava/lang/String;Lorg/springframework/beans/factory/support/RootBeanDefinition;[Ljava/lang/Object;)Lorg/springframework/beans/BeanWrapper;+571
j  org.springframework.beans.factory.support.AbstractAutowireCapableBeanFactory.instantiateUsingFactoryMethod(Ljava/lang/String;Lorg/springframework/beans/factory/support/RootBeanDefinition;[Ljava/lang/Object;)Lorg/springframework/beans/BeanWrapper;+11
j  org.springframework.beans.factory.support.AbstractAutowireCapableBeanFactory.createBeanInstance(Ljava/lang/String;Lorg/springframework/beans/factory/support/RootBeanDefinition;[Ljava/lang/Object;)Lorg/springframework/beans/BeanWrapper;+83
j  org.springframework.beans.factory.support.AbstractAutowireCapableBeanFactory.doCreateBean(Ljava/lang/String;Lorg/springframework/beans/factory/support/RootBeanDefinition;[Ljava/lang/Object;)Ljava/lang/Object;+34
j  org.springframework.beans.factory.support.AbstractAutowireCapableBeanFactory.createBean(Ljava/lang/String;Lorg/springframework/beans/factory/support/RootBeanDefinition;[Ljava/lang/Object;)Ljava/lang/Object;+173
j  org.springframework.beans.factory.support.AbstractBeanFactory$1.getObject()Ljava/lang/Object;+16
j  org.springframework.beans.factory.support.DefaultSingletonBeanRegistry.getSingleton(Ljava/lang/String;Lorg/springframework/beans/factory/ObjectFactory;)Ljava/lang/Object;+132
J 2742 C1 org.springframework.beans.factory.support.AbstractBeanFactory.doGetBean(Ljava/lang/String;Ljava/lang/Class;[Ljava/lang/Object;Z)Ljava/lang/Object; (787 bytes) @ 0x0000000002f54fb4 [0x0000000002f549a0+0x614]
J 2798 C1 org.springframework.beans.factory.support.AbstractBeanFactory.getBean(Ljava/lang/String;Ljava/lang/Class;)Ljava/lang/Object; (9 bytes) @ 0x0000000002f676e4 [0x0000000002f676a0+0x44]
j  org.springframework.context.support.PostProcessorRegistrationDelegate.registerBeanPostProcessors(Lorg/springframework/beans/factory/config/ConfigurableListableBeanFactory;Lorg/springframework/context/support/AbstractApplicationContext;)V+257
j  org.springframework.context.support.AbstractApplicationContext.registerBeanPostProcessors(Lorg/springframework/beans/factory/config/ConfigurableListableBeanFactory;)V+2
j  org.springframework.context.support.AbstractApplicationContext.refresh()V+33
j  org.springframework.boot.context.embedded.EmbeddedWebApplicationContext.refresh()V+1
j  org.springframework.boot.SpringApplication.refresh(Lorg/springframework/context/ApplicationContext;)V+11
j  org.springframework.boot.SpringApplication.refreshContext(Lorg/springframework/context/ConfigurableApplicationContext;)V+2
j  org.springframework.boot.SpringApplication.run([Ljava/lang/String;)Lorg/springframework/context/ConfigurableApplicationContext;+91
j  grails.boot.GrailsApp.run([Ljava/lang/String;)Lorg/springframework/context/ConfigurableApplicationContext;+2
j  grails.boot.GrailsApp.run([Ljava/lang/Object;[Ljava/lang/String;)Lorg/springframework/context/ConfigurableApplicationContext;+43
j  grails.boot.GrailsApp.run(Ljava/lang/Object;[Ljava/lang/String;)Lorg/springframework/context/ConfigurableApplicationContext;+9
j  grails.boot.GrailsApp$run.call(Ljava/lang/Object;[Ljava/lang/Object;)Ljava/lang/Object;+18
j  org.codehaus.groovy.runtime.callsite.CallSiteArray.defaultCall(Lorg/codehaus/groovy/runtime/callsite/CallSite;Ljava/lang/Object;[Ljava/lang/Object;)Ljava/lang/Object;+8
j  org.codehaus.groovy.runtime.callsite.AbstractCallSite.call(Ljava/lang/Object;[Ljava/lang/Object;)Ljava/lang/Object;+3
j  org.codehaus.groovy.runtime.callsite.AbstractCallSite.call(Ljava/lang/Object;Ljava/lang/Object;Ljava/lang/Object;)Ljava/lang/Object;+38
j  sgr.Application.main([Ljava/lang/String;)V+57
v  ~StubRoutines::call_stub

---------------  P R O C E S S  ---------------

Java Threads: ( => current thread )
  0x0000000015ff5800 JavaThread "Tomcat JDBC Pool Cleaner[414493378:1693897970451]" daemon [_thread_blocked, id=19256, stack(0x0000000018a80000,0x0000000018b80000)]
  0x0000000016442000 JavaThread "FileSystemWatcher: files=#19 cl=sun.misc.Launcher$AppClassLoader@18b4aac2" daemon [_thread_blocked, id=6352, stack(0x0000000016d30000,0x0000000016e30000)]
  0x0000000016224000 JavaThread "Service Thread" daemon [_thread_blocked, id=11108, stack(0x0000000016b30000,0x0000000016c30000)]
  0x00000000161fb800 JavaThread "C1 CompilerThread2" daemon [_thread_in_native, id=5368, stack(0x0000000016a30000,0x0000000016b30000)]
  0x00000000161fa800 JavaThread "C2 CompilerThread1" daemon [_thread_blocked, id=2088, stack(0x0000000016930000,0x0000000016a30000)]
  0x00000000161fa000 JavaThread "C2 CompilerThread0" daemon [_thread_blocked, id=15120, stack(0x0000000016830000,0x0000000016930000)]
  0x00000000145e2800 JavaThread "Attach Listener" daemon [_thread_blocked, id=2944, stack(0x0000000015b30000,0x0000000015c30000)]
  0x00000000145e1000 JavaThread "Signal Dispatcher" daemon [_thread_blocked, id=15776, stack(0x0000000015a30000,0x0000000015b30000)]
  0x00000000145c3000 JavaThread "Finalizer" daemon [_thread_blocked, id=15716, stack(0x0000000015830000,0x0000000015930000)]
  0x00000000026ed000 JavaThread "Reference Handler" daemon [_thread_blocked, id=15812, stack(0x0000000015730000,0x0000000015830000)]
=>0x00000000025fe000 JavaThread "main" [_thread_in_vm, id=13172, stack(0x0000000002490000,0x0000000002590000)]

Other Threads:
  0x0000000014597000 VMThread [stack: 0x0000000015630000,0x0000000015730000] [id=12128]
  0x0000000016227800 WatcherThread [stack: 0x0000000016c30000,0x0000000016d30000] [id=12772]

VM state:not at safepoint (normal execution)

VM Mutex/Monitor currently owned by a thread: None

heap address: 0x00000000d0000000, size: 768 MB, Compressed Oops mode: 32-bit
Narrow klass base: 0x0000000000000000, Narrow klass shift: 3
Compressed class space size: 1073741824 Address: 0x0000000100000000

Heap:
 PSYoungGen      total 237056K, used 37749K [0x00000000f0000000, 0x0000000100000000, 0x0000000100000000)
  eden space 211456K, 13% used [0x00000000f0000000,0x00000000f1ba4bd8,0x00000000fce80000)
  from space 25600K, 36% used [0x00000000fe700000,0x00000000ff038b58,0x0000000100000000)
  to   space 25088K, 0% used [0x00000000fce80000,0x00000000fce80000,0x00000000fe700000)
 ParOldGen       total 524288K, used 40675K [0x00000000d0000000, 0x00000000f0000000, 0x00000000f0000000)
  object space 524288K, 7% used [0x00000000d0000000,0x00000000d27b8fa8,0x00000000f0000000)
 Metaspace       used 41922K, capacity 42772K, committed 43176K, reserved 1087488K
  class space    used 5204K, capacity 5403K, committed 5552K, reserved 1048576K

Card table byte_map: [0x0000000011c20000,0x0000000011db0000] byte_map_base: 0x00000000115a0000

Marking Bits: (ParMarkBitMap*) 0x0000000066675ce0
 Begin Bits: [0x00000000122b0000, 0x0000000012eb0000)
 End Bits:   [0x0000000012eb0000, 0x0000000013ab0000)

Polling page: 0x0000000002370000

CodeCache: size=245760Kb used=10307Kb max_used=10307Kb free=235452Kb
 bounds [0x0000000002860000, 0x0000000003280000, 0x0000000011860000]
 total_blobs=4861 nmethods=4174 adapters=599
 compilation: enabled

Compilation events (10 events):
Event: 26.742 Thread 0x00000000161fb800 nmethod 4208 0x000000000326f790 code [0x000000000326f8e0, 0x000000000326f9f0]
Event: 26.742 Thread 0x00000000161fb800 4209       1       org.h2.result.LocalResult::getRowId (5 bytes)
Event: 26.742 Thread 0x00000000161fb800 nmethod 4209 0x000000000326fa50 code [0x000000000326fba0, 0x000000000326fcb0]
Event: 26.754 Thread 0x00000000161fb800 4217       1       org.h2.value.ValueString::<init> (10 bytes)
Event: 26.754 Thread 0x00000000161fb800 nmethod 4217 0x00000000032702d0 code [0x0000000003270420, 0x0000000003270550]
Event: 26.754 Thread 0x00000000161fb800 4218       1       org.h2.value.ValueString::get (50 bytes)
Event: 26.754 Thread 0x00000000161fb800 nmethod 4218 0x00000000032705d0 code [0x0000000003270740, 0x0000000003270958]
Event: 26.754 Thread 0x00000000161fb800 4222   !   1       org.h2.table.Column::convert (141 bytes)
Event: 26.756 Thread 0x00000000161fb800 nmethod 4222 0x0000000003270ad0 code [0x0000000003270d60, 0x0000000003271a78]
Event: 26.756 Thread 0x00000000161fb800 4221   !   1       org.h2.value.Value::convertTo (3676 bytes)

GC Heap History (10 events):
Event: 21.727 GC heap before
{Heap before GC invocations=10 (full 1):
 PSYoungGen      total 233472K, used 233460K [0x00000000f0000000, 0x0000000100000000, 0x0000000100000000)
  eden space 215040K, 100% used [0x00000000f0000000,0x00000000fd200000,0x00000000fd200000)
  from space 18432K, 99% used [0x00000000fee00000,0x00000000ffffd128,0x0000000100000000)
  to   space 23552K, 0% used [0x00000000fd200000,0x00000000fd200000,0x00000000fe900000)
 ParOldGen       total 524288K, used 20453K [0x00000000d0000000, 0x00000000f0000000, 0x00000000f0000000)
  object space 524288K, 3% used [0x00000000d0000000,0x00000000d13f9558,0x00000000f0000000)
 Metaspace       used 34285K, capacity 35006K, committed 35248K, reserved 1079296K
  class space    used 4231K, capacity 4406K, committed 4528K, reserved 1048576K
Event: 21.749 GC heap after
Heap after GC invocations=10 (full 1):
 PSYoungGen      total 237568K, used 22171K [0x00000000f0000000, 0x0000000100000000, 0x0000000100000000)
  eden space 215040K, 0% used [0x00000000f0000000,0x00000000f0000000,0x00000000fd200000)
  from space 22528K, 98% used [0x00000000fd200000,0x00000000fe7a6f58,0x00000000fe800000)
  to   space 24576K, 0% used [0x00000000fe800000,0x00000000fe800000,0x0000000100000000)
 ParOldGen       total 524288K, used 23423K [0x00000000d0000000, 0x00000000f0000000, 0x00000000f0000000)
  object space 524288K, 4% used [0x00000000d0000000,0x00000000d16dff20,0x00000000f0000000)
 Metaspace       used 34285K, capacity 35006K, committed 35248K, reserved 1079296K
  class space    used 4231K, capacity 4406K, committed 4528K, reserved 1048576K
}
Event: 22.105 GC heap before
{Heap before GC invocations=11 (full 1):
 PSYoungGen      total 237568K, used 68198K [0x00000000f0000000, 0x0000000100000000, 0x0000000100000000)
  eden space 215040K, 21% used [0x00000000f0000000,0x00000000f2cf2bb0,0x00000000fd200000)
  from space 22528K, 98% used [0x00000000fd200000,0x00000000fe7a6f58,0x00000000fe800000)
  to   space 24576K, 0% used [0x00000000fe800000,0x00000000fe800000,0x0000000100000000)
 ParOldGen       total 524288K, used 23423K [0x00000000d0000000, 0x00000000f0000000, 0x00000000f0000000)
  object space 524288K, 4% used [0x00000000d0000000,0x00000000d16dff20,0x00000000f0000000)
 Metaspace       used 34614K, capacity 35306K, committed 35496K, reserved 1081344K
  class space    used 4269K, capacity 4440K, committed 4528K, reserved 1048576K
Event: 22.134 GC heap after
Heap after GC invocations=11 (full 1):
 PSYoungGen      total 235520K, used 12054K [0x00000000f0000000, 0x0000000100000000, 0x0000000100000000)
  eden space 210944K, 0% used [0x00000000f0000000,0x00000000f0000000,0x00000000fce00000)
  from space 24576K, 49% used [0x00000000fe800000,0x00000000ff3c5850,0x0000000100000000)
  to   space 25600K, 0% used [0x00000000fce00000,0x00000000fce00000,0x00000000fe700000)
 ParOldGen       total 524288K, used 33266K [0x00000000d0000000, 0x00000000f0000000, 0x00000000f0000000)
  object space 524288K, 6% used [0x00000000d0000000,0x00000000d207c8f0,0x00000000f0000000)
 Metaspace       used 34614K, capacity 35306K, committed 35496K, reserved 1081344K
  class space    used 4269K, capacity 4440K, committed 4528K, reserved 1048576K
}
Event: 22.134 GC heap before
{Heap before GC invocations=12 (full 2):
 PSYoungGen      total 235520K, used 12054K [0x00000000f0000000, 0x0000000100000000, 0x0000000100000000)
  eden space 210944K, 0% used [0x00000000f0000000,0x00000000f0000000,0x00000000fce00000)
  from space 24576K, 49% used [0x00000000fe800000,0x00000000ff3c5850,0x0000000100000000)
  to   space 25600K, 0% used [0x00000000fce00000,0x00000000fce00000,0x00000000fe700000)
 ParOldGen       total 524288K, used 33266K [0x00000000d0000000, 0x00000000f0000000, 0x00000000f0000000)
  object space 524288K, 6% used [0x00000000d0000000,0x00000000d207c8f0,0x00000000f0000000)
 Metaspace       used 34614K, capacity 35306K, committed 35496K, reserved 1081344K
  class space    used 4269K, capacity 4440K, committed 4528K, reserved 1048576K
Event: 22.374 GC heap after
Heap after GC invocations=12 (full 2):
 PSYoungGen      total 235520K, used 0K [0x00000000f0000000, 0x0000000100000000, 0x0000000100000000)
  eden space 210944K, 0% used [0x00000000f0000000,0x00000000f0000000,0x00000000fce00000)
  from space 24576K, 0% used [0x00000000fe800000,0x00000000fe800000,0x0000000100000000)
  to   space 25600K, 0% used [0x00000000fce00000,0x00000000fce00000,0x00000000fe700000)
 ParOldGen       total 524288K, used 40675K [0x00000000d0000000, 0x00000000f0000000, 0x00000000f0000000)
  object space 524288K, 7% used [0x00000000d0000000,0x00000000d27b8fa8,0x00000000f0000000)
 Metaspace       used 34614K, capacity 35306K, committed 35496K, reserved 1081344K
  class space    used 4269K, capacity 4440K, committed 4528K, reserved 1048576K
}
Event: 23.614 GC heap before
{Heap before GC invocations=13 (full 2):
 PSYoungGen      total 235520K, used 210944K [0x00000000f0000000, 0x0000000100000000, 0x0000000100000000)
  eden space 210944K, 100% used [0x00000000f0000000,0x00000000fce00000,0x00000000fce00000)
  from space 24576K, 0% used [0x00000000fe800000,0x00000000fe800000,0x0000000100000000)
  to   space 25600K, 0% used [0x00000000fce00000,0x00000000fce00000,0x00000000fe700000)
 ParOldGen       total 524288K, used 40675K [0x00000000d0000000, 0x00000000f0000000, 0x00000000f0000000)
  object space 524288K, 7% used [0x00000000d0000000,0x00000000d27b8fa8,0x00000000f0000000)
 Metaspace       used 37528K, capacity 38274K, committed 38568K, reserved 1083392K
  class space    used 4552K, capacity 4701K, committed 4784K, reserved 1048576K
Event: 23.621 GC heap after
Heap after GC invocations=13 (full 2):
 PSYoungGen      total 236544K, used 5865K [0x00000000f0000000, 0x0000000100000000, 0x0000000100000000)
  eden space 210944K, 0% used [0x00000000f0000000,0x00000000f0000000,0x00000000fce00000)
  from space 25600K, 22% used [0x00000000fce00000,0x00000000fd3ba798,0x00000000fe700000)
  to   space 25600K, 0% used [0x00000000fe700000,0x00000000fe700000,0x0000000100000000)
 ParOldGen       total 524288K, used 40675K [0x00000000d0000000, 0x00000000f0000000, 0x00000000f0000000)
  object space 524288K, 7% used [0x00000000d0000000,0x00000000d27b8fa8,0x00000000f0000000)
 Metaspace       used 37528K, capacity 38274K, committed 38568K, reserved 1083392K
  class space    used 4552K, capacity 4701K, committed 4784K, reserved 1048576K
}
Event: 26.204 GC heap before
{Heap before GC invocations=14 (full 2):
 PSYoungGen      total 236544K, used 216809K [0x00000000f0000000, 0x0000000100000000, 0x0000000100000000)
  eden space 210944K, 100% used [0x00000000f0000000,0x00000000fce00000,0x00000000fce00000)
  from space 25600K, 22% used [0x00000000fce00000,0x00000000fd3ba798,0x00000000fe700000)
  to   space 25600K, 0% used [0x00000000fe700000,0x00000000fe700000,0x0000000100000000)
 ParOldGen       total 524288K, used 40675K [0x00000000d0000000, 0x00000000f0000000, 0x00000000f0000000)
  object space 524288K, 7% used [0x00000000d0000000,0x00000000d27b8fa8,0x00000000f0000000)
 Metaspace       used 40563K, capacity 41428K, committed 41640K, reserved 1085440K
  class space    used 5008K, capacity 5211K, committed 5296K, reserved 1048576K
Event: 26.219 GC heap after
Heap after GC invocations=14 (full 2):
 PSYoungGen      total 237056K, used 9442K [0x00000000f0000000, 0x0000000100000000, 0x0000000100000000)
  eden space 211456K, 0% used [0x00000000f0000000,0x00000000f0000000,0x00000000fce80000)
  from space 25600K, 36% used [0x00000000fe700000,0x00000000ff038b58,0x0000000100000000)
  to   space 25088K, 0% used [0x00000000fce80000,0x00000000fce80000,0x00000000fe700000)
 ParOldGen       total 524288K, used 40675K [0x00000000d0000000, 0x00000000f0000000, 0x00000000f0000000)
  object space 524288K, 7% used [0x00000000d0000000,0x00000000d27b8fa8,0x00000000f0000000)
 Metaspace       used 40563K, capacity 41428K, committed 41640K, reserved 1085440K
  class space    used 5008K, capacity 5211K, committed 5296K, reserved 1048576K
}

Deoptimization events (0 events):
No events

Classes redefined (0 events):
No events

Internal exceptions (10 events):
Event: 24.732 Thread 0x00000000025fe000 Exception <a 'java/lang/ArrayIndexOutOfBoundsException'> (0x00000000f6c30d18) thrown at [C:\re\workspace\8-2-build-windows-amd64-cygwin\jdk8u202\12323\hotspot\src\share\vm\runtime\sharedRuntime.cpp, line 605]
Event: 24.747 Thread 0x00000000025fe000 Exception <a 'java/lang/ClassNotFoundException': org/grails/datastore/gorm/validation/javax/MappingContextTraversableResolverBeanInfo> (0x00000000f6d70638) thrown at [C:\re\workspace\8-2-build-windows-amd64-cygwin\jdk8u202\12323\hotspot\src\share\vm\class
Event: 24.748 Thread 0x00000000025fe000 Exception <a 'java/lang/ClassNotFoundException': org/grails/datastore/gorm/validation/javax/MappingContextTraversableResolverCustomizer> (0x00000000f6da1050) thrown at [C:\re\workspace\8-2-build-windows-amd64-cygwin\jdk8u202\12323\hotspot\src\share\vm\cla
Event: 24.748 Thread 0x00000000025fe000 Exception <a 'java/lang/ArrayIndexOutOfBoundsException'> (0x00000000f6da6ec0) thrown at [C:\re\workspace\8-2-build-windows-amd64-cygwin\jdk8u202\12323\hotspot\src\share\vm\runtime\sharedRuntime.cpp, line 605]
Event: 24.748 Thread 0x00000000025fe000 Exception <a 'java/lang/ArrayIndexOutOfBoundsException'> (0x00000000f6da9b68) thrown at [C:\re\workspace\8-2-build-windows-amd64-cygwin\jdk8u202\12323\hotspot\src\share\vm\runtime\sharedRuntime.cpp, line 605]
Event: 24.994 Thread 0x00000000025fe000 Exception <a 'java/lang/ClassNotFoundException': org/grails/datastore/gorm/validation/javax/GormValidatorFactoryAdapterBeanInfo> (0x00000000f7dfefa8) thrown at [C:\re\workspace\8-2-build-windows-amd64-cygwin\jdk8u202\12323\hotspot\src\share\vm\classfile\s
Event: 24.996 Thread 0x00000000025fe000 Exception <a 'java/lang/ClassNotFoundException': org/grails/datastore/gorm/validation/javax/GormValidatorFactoryAdapterCustomizer> (0x00000000f7e2d5b0) thrown at [C:\re\workspace\8-2-build-windows-amd64-cygwin\jdk8u202\12323\hotspot\src\share\vm\classfile
Event: 24.997 Thread 0x00000000025fe000 Exception <a 'java/lang/ArrayIndexOutOfBoundsException'> (0x00000000f7e32660) thrown at [C:\re\workspace\8-2-build-windows-amd64-cygwin\jdk8u202\12323\hotspot\src\share\vm\runtime\sharedRuntime.cpp, line 605]
Event: 25.805 Thread 0x00000000025fe000 Exception <a 'java/lang/ClassNotFoundException': org/grails/orm/hibernate/MetadataIntegratorBeanInfo> (0x00000000fc0ba200) thrown at [C:\re\workspace\8-2-build-windows-amd64-cygwin\jdk8u202\12323\hotspot\src\share\vm\classfile\systemDictionary.cpp, line 2
Event: 25.806 Thread 0x00000000025fe000 Exception <a 'java/lang/ClassNotFoundException': org/grails/orm/hibernate/MetadataIntegratorCustomizer> (0x00000000fc0dd580) thrown at [C:\re\workspace\8-2-build-windows-amd64-cygwin\jdk8u202\12323\hotspot\src\share\vm\classfile\systemDictionary.cpp, line

Events (10 events):
Event: 26.758 loading class org/hibernate/engine/jdbc/env/internal/NormalizingIdentifierHelperImpl
Event: 26.758 loading class org/hibernate/engine/jdbc/env/internal/NormalizingIdentifierHelperImpl done
Event: 26.768 loading class org/hibernate/engine/jdbc/env/spi/IdentifierHelper
Event: 26.768 loading class org/hibernate/engine/jdbc/env/spi/IdentifierHelper done
Event: 26.772 loading class org/hibernate/boot/model/naming/Identifier
Event: 26.772 loading class org/hibernate/boot/model/naming/Identifier done
Event: 26.774 loading class org/hibernate/engine/jdbc/env/internal/QualifiedObjectNameFormatterStandardImpl
Event: 26.774 loading class org/hibernate/engine/jdbc/env/internal/QualifiedObjectNameFormatterStandardImpl done
Event: 26.776 loading class org/hibernate/engine/jdbc/env/spi/QualifiedObjectNameFormatter
Event: 26.776 loading class org/hibernate/engine/jdbc/env/spi/QualifiedObjectNameFormatter done


Dynamic libraries:
0x00007ff734b20000 - 0x00007ff734b57000 	C:\Program Files\Java\jdk1.8.0_202\bin\java.exe
0x00007ffe06090000 - 0x00007ffe06285000 	C:\WINDOWS\SYSTEM32\ntdll.dll
0x00007ffe05f90000 - 0x00007ffe0604d000 	C:\WINDOWS\System32\KERNEL32.DLL
0x00007ffe03a30000 - 0x00007ffe03cfd000 	C:\WINDOWS\System32\KERNELBASE.dll
0x00007ffe055c0000 - 0x00007ffe0566e000 	C:\WINDOWS\System32\ADVAPI32.dll
0x00007ffe04c30000 - 0x00007ffe04cce000 	C:\WINDOWS\System32\msvcrt.dll
0x00007ffe04710000 - 0x00007ffe047ac000 	C:\WINDOWS\System32\sechost.dll
0x00007ffe04b00000 - 0x00007ffe04c25000 	C:\WINDOWS\System32\RPCRT4.dll
0x00007ffe04960000 - 0x00007ffe04b00000 	C:\WINDOWS\System32\USER32.dll
0x00007ffe037a0000 - 0x00007ffe037c2000 	C:\WINDOWS\System32\win32u.dll
0x00007ffe05f60000 - 0x00007ffe05f8a000 	C:\WINDOWS\System32\GDI32.dll
0x00007ffe03880000 - 0x00007ffe0398b000 	C:\WINDOWS\System32\gdi32full.dll
0x00007ffe03990000 - 0x00007ffe03a2d000 	C:\WINDOWS\System32\msvcp_win.dll
0x00007ffe03fb0000 - 0x00007ffe040b0000 	C:\WINDOWS\System32\ucrtbase.dll
0x00007ffdec890000 - 0x00007ffdecb2a000 	C:\WINDOWS\WinSxS\amd64_microsoft.windows.common-controls_6595b64144ccf1df_6.0.19041.1110_none_60b5254171f9507e\COMCTL32.dll
0x00007ffe05ba0000 - 0x00007ffe05bd0000 	C:\WINDOWS\System32\IMM32.DLL
0x0000000066700000 - 0x00000000667d2000 	C:\Program Files\Java\jdk1.8.0_202\jre\bin\msvcr100.dll
0x0000000065e50000 - 0x00000000666f5000 	C:\Program Files\Java\jdk1.8.0_202\jre\bin\server\jvm.dll
0x00007ffe05b80000 - 0x00007ffe05b88000 	C:\WINDOWS\System32\PSAPI.DLL
0x00007ffdca7d0000 - 0x00007ffdca7d9000 	C:\WINDOWS\SYSTEM32\WSOCK32.dll
0x00007ffe01780000 - 0x00007ffe0178a000 	C:\WINDOWS\SYSTEM32\VERSION.dll
0x00007ffdddc50000 - 0x00007ffdddc77000 	C:\WINDOWS\SYSTEM32\WINMM.dll
0x00007ffe04ce0000 - 0x00007ffe04d4b000 	C:\WINDOWS\System32\WS2_32.dll
0x00007ffdf4620000 - 0x00007ffdf462f000 	C:\Program Files\Java\jdk1.8.0_202\jre\bin\verify.dll
0x00007ffdbb6b0000 - 0x00007ffdbb6d9000 	C:\Program Files\Java\jdk1.8.0_202\jre\bin\java.dll
0x00007ffdb2e90000 - 0x00007ffdb2eb3000 	C:\Program Files\Java\jdk1.8.0_202\jre\bin\instrument.dll
0x00007ffdeb2a0000 - 0x00007ffdeb2b6000 	C:\Program Files\Java\jdk1.8.0_202\jre\bin\zip.dll
0x00007ffe04e70000 - 0x00007ffe055b4000 	C:\WINDOWS\System32\SHELL32.dll
0x00007ffe01880000 - 0x00007ffe02014000 	C:\WINDOWS\SYSTEM32\windows.storage.dll
0x00007ffe05820000 - 0x00007ffe05b74000 	C:\WINDOWS\System32\combase.dll
0x00007ffe03130000 - 0x00007ffe0315c000 	C:\WINDOWS\SYSTEM32\Wldp.dll
0x00007ffe05c60000 - 0x00007ffe05d0d000 	C:\WINDOWS\System32\SHCORE.dll
0x00007ffe05e50000 - 0x00007ffe05ea5000 	C:\WINDOWS\System32\shlwapi.dll
0x00007ffe036e0000 - 0x00007ffe036ff000 	C:\WINDOWS\SYSTEM32\profapi.dll
0x00007ffdbebe0000 - 0x00007ffdbebfa000 	C:\Program Files\Java\jdk1.8.0_202\jre\bin\net.dll
0x00007ffdee6c0000 - 0x00007ffdee8ac000 	C:\WINDOWS\SYSTEM32\urlmon.dll
0x00007ffdeea60000 - 0x00007ffdeed11000 	C:\WINDOWS\SYSTEM32\iertutil.dll
0x00007ffdee690000 - 0x00007ffdee6b8000 	C:\WINDOWS\SYSTEM32\srvcli.dll
0x00007ffe02c90000 - 0x00007ffe02c9c000 	C:\WINDOWS\SYSTEM32\netutils.dll
0x00007ffe02e90000 - 0x00007ffe02efa000 	C:\WINDOWS\system32\mswsock.dll
0x00007ffdec080000 - 0x00007ffdec097000 	C:\WINDOWS\system32\napinsp.dll
0x00007ffdec0f0000 - 0x00007ffdec10b000 	C:\WINDOWS\system32\pnrpnsp.dll
0x00007ffdfe020000 - 0x00007ffdfe035000 	C:\WINDOWS\system32\wshbth.dll
0x00007ffdfe9f0000 - 0x00007ffdfea0d000 	C:\WINDOWS\system32\NLAapi.dll
0x00007ffe02b80000 - 0x00007ffe02bbb000 	C:\WINDOWS\SYSTEM32\IPHLPAPI.DLL
0x00007ffe02bc0000 - 0x00007ffe02c8b000 	C:\WINDOWS\SYSTEM32\DNSAPI.dll
0x00007ffe05b90000 - 0x00007ffe05b98000 	C:\WINDOWS\System32\NSI.dll
0x00007ffdf66d0000 - 0x00007ffdf66e2000 	C:\WINDOWS\System32\winrnr.dll
0x00007ffdeb440000 - 0x00007ffdeb44a000 	C:\Windows\System32\rasadhlp.dll
0x00007ffdee260000 - 0x00007ffdee2e0000 	C:\WINDOWS\System32\fwpuclnt.dll
0x00007ffe040b0000 - 0x00007ffe040d7000 	C:\WINDOWS\System32\bcrypt.dll
0x00007ffde50d0000 - 0x00007ffde50dd000 	C:\Program Files\Java\jdk1.8.0_202\jre\bin\management.dll
0x00007ffdbb690000 - 0x00007ffdbb6a2000 	C:\Program Files\Java\jdk1.8.0_202\jre\bin\nio.dll

VM Arguments:
jvm_args: -Dendpoints.shutdown.enabled=true -Denv=development -Dfull.stacktrace=false -Dgrails.env=development -Dgrails.full.stacktrace=false -Dinfo.app.grailsVersion=3.3.5 -Dinfo.app.name=SGR -Dinfo.app.version=0.1 -Djdk.reflect.allowGetCallerClass=true -Drun.active=true -Dserver.port=8081 -Dspring.output.ansi.enabled=always -Dspring.profiles.active -Dspringloaded=inclusions=grails.plugins..*;synchronize=true;allowSplitPackages=true;cacheDir=C:\Users\WILSON\IdeaProjects\Spring\SGR\build\springloaded -Dverbose=false -XX:+TieredCompilation -XX:TieredStopAtLevel=1 -XX:CICompilerCount=3 -javaagent:C:\Users\WILSON\.gradle\caches\modules-2\files-2.1\org.springframework\springloaded\1.2.8.RELEASE\b60bac05b0451cdc1863bfec617f39aa0dcaaa43\springloaded-1.2.8.RELEASE.jar -Xverify:none -Xms768m -Xmx768m -Dfile.encoding=UTF-8 -Duser.country=US -Duser.language=en -Duser.variant 
java_command: sgr.Application
java_class_path (initial): C:\Users\WILSON\IdeaProjects\Spring\SGR\src\main\resources;C:\Users\WILSON\IdeaProjects\Spring\SGR\grails-app\views;C:\Users\WILSON\IdeaProjects\Spring\SGR\grails-app\i18n;C:\Users\WILSON\IdeaProjects\Spring\SGR\grails-app\conf;C:\Users\WILSON\IdeaProjects\Spring\SGR\build\classes\main;C:\Users\WILSON\IdeaProjects\Spring\SGR\build\resources\main;C:\Users\WILSON\IdeaProjects\Spring\SGR\gsp-classes;C:\Users\WILSON\.gradle\caches\modules-2\files-2.1\org.springframework.boot\spring-boot-starter-logging\1.5.12.RELEASE\88b9a16ff87f0a7faec7848e9a5626ffbbac588f\spring-boot-starter-logging-1.5.12.RELEASE.jar;C:\Users\WILSON\.gradle\caches\modules-2\files-2.1\org.springframework.boot\spring-boot-autoconfigure\1.5.12.RELEASE\932ab2609793ebc00576cbae77085bb83e5c9008\spring-boot-autoconfigure-1.5.12.RELEASE.jar;C:\Users\WILSON\.gradle\caches\modules-2\files-2.1\org.grails\grails-core\3.3.5\8044ecc48da9a8427953ffb1b7fe0a169b5b75eb\grails-core-3.3.5.jar;C:\Users\WILSON\.gradle\caches\modules-2\files-2.1\org.springframework.boot\spring-boot-starter-actuator\1.5.12.RELEASE\492b2762b659ff66970bda22802d06e1b4ce9f5b\spring-boot-starter-actuator-1.5.12.RELEASE.jar;C:\Users\WILSON\.gradle\caches\modules-2\files-2.1\org.springframework.boot\spring-boot-starter-tomcat\1.5.12.RELEASE\a4e81f071d2b5a9c9fb5a219b361b683a8eb3d91\spring-boot-starter-tomcat-1.5.12.RELEASE.jar;C:\Users\WILSON\.gradle\caches\modules-2\files-2.1\org.grails\grails-web-boot\3.3.5\96b9ec5a3904970ecb1dd5d2d783bb54e46339f\grails-web-boot-3.3.5.jar;C:\Users\WILSON\.gradle\caches\modules-2\files-2.1\org.grails\grails-logging\3.3.5\cd27aad74b27447d2aebe1a85b4fbc89af2d3c3d\grails-logging-3.3.5.jar;C:\Users\WILSON\.gradle\caches\modules-2\files-2.1\org.grails\grails-plugin-rest\3.3.5\225fd803f4047cf880ec8c16227f38fa0e53d630\grails-plugin-rest-3.3.5.jar;C:\Users\WILSON\.gradle\caches\modules-2\files-2.1\org.grails\grails-plugin-databinding\3.3.5\91a4ae7fbd038eb5fbee5b3d6f2ae6291c562d34\grails-plugin
Launcher Type: SUN_STANDARD

Environment Variables:
PATH=C:\Program Files\Common Files\Oracle\Java\javapath;C:\Program Files (x86)\Common Files\Oracle\Java\javapath;C:\WINDOWS\system32;C:\WINDOWS;C:\WINDOWS\System32\Wbem;C:\WINDOWS\System32\WindowsPowerShell\v1.0\;C:\Program Files\Microsoft\Web Platform Installer\;C:\Program Files (x86)\PowerShell\7\;C:\WINDOWS\System32\OpenSSH\;C:\Program Files\Git\cmd;C:\grails-3.3.5\bin;C:\Program Files\Microsoft SQL Server\Client SDK\ODBC\110\Tools\Binn\;C:\Program Files (x86)\Microsoft SQL Server\120\Tools\Binn\;C:\Program Files\Microsoft SQL Server\120\Tools\Binn\;C:\Program Files\Microsoft SQL Server\120\DTS\Binn\;C:\Program Files (x86)\Microsoft SQL Server\120\Tools\Binn\ManagementStudio\;C:\Program Files (x86)\Microsoft SQL Server\120\DTS\Binn\;C:\Users\WILSON\AppData\Local\Microsoft\WindowsApps;C:\Users\WILSON\AppData\Local\Programs\Microsoft VS Code\bin;C:\php-7.4.28-nts-Win32-vc15-x64;
USERNAME=WILSON
OS=Windows_NT
PROCESSOR_IDENTIFIER=Intel64 Family 6 Model 142 Stepping 9, GenuineIntel



---------------  S Y S T E M  ---------------

OS: Windows 10.0 , 64 bit Build 19041 (10.0.19041.1706)

CPU:total 4 (initial active 4) (2 cores per cpu, 2 threads per core) family 6 model 142 stepping 9, cmov, cx8, fxsr, mmx, sse, sse2, sse3, ssse3, sse4.1, sse4.2, popcnt, avx, avx2, aes, clmul, erms, 3dnowpref, lzcnt, ht, tsc, tscinvbit, bmi1, bmi2, adx

Memory: 4k page, physical 3554520k(219724k free), swap 14564568k(0k free)

vm_info: Java HotSpot(TM) 64-Bit Server VM (25.202-b08) for windows-amd64 JRE (1.8.0_202-b08), built on Dec 15 2018 19:54:30 by "java_re" with MS VC++ 10.0 (VS2010)

time: Tue Sep 05 09:12:54 2023
timezone: South Africa Standard Time
elapsed time: 26 seconds (0d 0h 0m 26s)

